Array
(
    [0] => Array
        (
            [order1] => 216 1
            [order2] => 227 1
            [withMaterial] => 1400
            [countOrder1] => 1
            [countOrder2] => 1
            [dlina_zug1] => 1242
            [dlina_zug2] => 1371
            [order1_id] => 3769
            [order2_id] => 3780
            [effectiveness] => 99.93%
            [material] => Гофрокартон Т-23 «В» буро/бурый
            [main_quantity_plain] => 2000
            [combined_quantity_plain] => 500
            [main_made] => 551
            [combined_made] => 500
            [main_left] => 1449
            [combined_left] => 0
            [sequence_number] => 1
            [sequence_number2] => 1
            [running_meters] => 685
        )

    [1] => Array
        (
            [order1] => 216 2
            [order2] => 236 1
            [withMaterial] => 1400
            [countOrder1] => 2
            [countOrder2] => 1
            [dlina_zug1] => 1242
            [dlina_zug2] => 657
            [order1_id] => 3769
            [order2_id] => 3789
            [effectiveness] => 99.71%
            [material] => Гофрокартон Т-23 «В» буро/бурый
            [main_quantity_plain] => 2000
            [combined_quantity_plain] => 500
            [main_made] => 264
            [combined_made] => 500
            [main_left] => 1185
            [combined_left] => 0
            [sequence_number] => 2
            [sequence_number2] => 1
            [running_meters] => 1063
        )

    [2] => Array
        (
            [order1] => 229 1
            [order2] => 234 4
            [withMaterial] => 1400
            [countOrder1] => 2
            [countOrder2] => 1
            [dlina_zug1] => 1300
            [dlina_zug2] => 516
            [order1_id] => 3782
            [order2_id] => 3787
            [effectiveness] => 99.79%
            [material] => Гофрокартон Т-23 «В» буро/бурый
            [main_quantity_plain] => 1000
            [combined_quantity_plain] => 10908
            [main_made] => 1000
            [combined_made] => 1259
            [main_left] => 0
            [combined_left] => 3358
            [sequence_number] => 1
            [sequence_number2] => 4
            [running_meters] => 650
        )

    [3] => Array
        (
            [order1] => 230 1
            [order2] => 234 5
            [withMaterial] => 1400
            [countOrder1] => 2
            [countOrder2] => 1
            [dlina_zug1] => 666
            [dlina_zug2] => 516
            [order1_id] => 3783
            [order2_id] => 3787
            [effectiveness] => 99.93%
            [material] => Гофрокартон Т-23 «В» буро/бурый
            [main_quantity_plain] => 500
            [combined_quantity_plain] => 10908
            [main_made] => 500
            [combined_made] => 322
            [main_left] => 0
            [combined_left] => 3036
            [sequence_number] => 1
            [sequence_number2] => 5
            [running_meters] => 167
        )

    [4] => Array
        (
            [order1] => 232 1
            [order2] => 234 6
            [withMaterial] => 1400
            [countOrder1] => 1
            [countOrder2] => 1
            [dlina_zug1] => 464
            [dlina_zug2] => 516
            [order1_id] => 3785
            [order2_id] => 3787
            [effectiveness] => 99.79%
            [material] => Гофрокартон Т-23 «В» буро/бурый
            [main_quantity_plain] => 500
            [combined_quantity_plain] => 10908
            [main_made] => 500
            [combined_made] => 449
            [main_left] => 0
            [combined_left] => 2587
            [sequence_number] => 1
            [sequence_number2] => 6
            [running_meters] => 232
        )

    [5] => Array
        (
            [order1] => 216 3
            [order2] => 222 1
            [withMaterial] => 1400
            [countOrder1] => 1
            [countOrder2] => 1
            [dlina_zug1] => 1242
            [dlina_zug2] => 437
            [order1_id] => 3769
            [order2_id] => 3775
            [effectiveness] => 98.64%
            [material] => Гофрокартон Т-23 «В» буро/бурый
            [main_quantity_plain] => 2000
            [combined_quantity_plain] => 6000
            [main_made] => 1185
            [combined_made] => 1684
            [main_left] => 0
            [combined_left] => 4316
            [sequence_number] => 3
            [sequence_number2] => 1
            [running_meters] => 736
        )

    [6] => Array
        (
            [order1] => 222 2
            [order2] => 234 2
            [withMaterial] => 1400
            [countOrder1] => 1
            [countOrder2] => 1
            [dlina_zug1] => 437
            [dlina_zug2] => 516
            [order1_id] => 3775
            [order2_id] => 3787
            [effectiveness] => 97%
            [material] => Гофрокартон Т-23 «В» буро/бурый
            [main_quantity_plain] => 6000
            [combined_quantity_plain] => 10908
            [main_made] => 4316
            [combined_made] => 3655
            [main_left] => 0
            [combined_left] => 6500
            [sequence_number] => 2
            [sequence_number2] => 2
            [running_meters] => 1886
        )

    [7] => Array
        (
            [order1] => 224 1
            [order2] => 237 2
            [withMaterial] => 1400
            [countOrder1] => 1
            [countOrder2] => 1
            [dlina_zug1] => 515
            [dlina_zug2] => 602
            [order1_id] => 3777
            [order2_id] => 3790
            [effectiveness] => 96.71%
            [material] => Гофрокартон Т-23 «В» буро/бурый
            [main_quantity_plain] => 2400
            [combined_quantity_plain] => 10000
            [main_made] => 2400
            [combined_made] => 4106
            [main_left] => 0
            [combined_left] => 3880
            [sequence_number] => 1
            [sequence_number2] => 2
            [running_meters] => 1236
        )

    [8] => Array
        (
            [order1] => 217 1
            [order2] => 234 1
            [withMaterial] => 1400
            [countOrder1] => 1
            [countOrder2] => 1
            [dlina_zug1] => 324
            [dlina_zug2] => 516
            [order1_id] => 3770
            [order2_id] => 3787
            [effectiveness] => 95.21%
            [material] => Гофрокартон Т-23 «В» буро/бурый
            [main_quantity_plain] => 1200
            [combined_quantity_plain] => 10908
            [main_made] => 1200
            [combined_made] => 753
            [main_left] => 0
            [combined_left] => 10155
            [sequence_number] => 1
            [sequence_number2] => 1
            [running_meters] => 389.528
        )

    [9] => Array
        (
            [order1] => 226 1
            [order2] => 234 3
            [withMaterial] => 1400
            [countOrder1] => 1
            [countOrder2] => 1
            [dlina_zug1] => 394
            [dlina_zug2] => 516
            [order1_id] => 3779
            [order2_id] => 3787
            [effectiveness] => 95.93%
            [material] => Гофрокартон Т-23 «В» буро/бурый
            [main_quantity_plain] => 4934
            [combined_quantity_plain] => 10908
            [main_made] => 4934
            [combined_made] => 1883
            [main_left] => 0
            [combined_left] => 4617
            [sequence_number] => 1
            [sequence_number2] => 3
            [running_meters] => 972
        )

    [10] => Array
        (
            [order1] => 221 1
            [order2] => 237 1
            [withMaterial] => 1400
            [countOrder1] => 1
            [countOrder2] => 1
            [dlina_zug1] => 1213
            [dlina_zug2] => 602
            [order1_id] => 3774
            [order2_id] => 3790
            [effectiveness] => 91.71%
            [material] => Гофрокартон Т-23 «В» буро/бурый
            [main_quantity_plain] => 500
            [combined_quantity_plain] => 10000
            [main_made] => 500
            [combined_made] => 2014
            [main_left] => 0
            [combined_left] => 7986
            [sequence_number] => 1
            [sequence_number2] => 1
            [running_meters] => 607
        )

    [11] => Array
        (
            [order1] => 219 1
            [order2] => 228 1
            [withMaterial] => 1260
            [countOrder1] => 1
            [countOrder2] => 1
            [dlina_zug1] => 953
            [dlina_zug2] => 662
            [order1_id] => 3772
            [order2_id] => 3781
            [effectiveness] => 99.6%
            [material] => Гофрокартон Т-23 «В» буро/бурый
            [main_quantity_plain] => 16663
            [combined_quantity_plain] => 500
            [main_made] => 347
            [combined_made] => 500
            [main_left] => 16316
            [combined_left] => 0
            [sequence_number] => 1
            [sequence_number2] => 1
            [running_meters] => 330.839
        )

    [12] => Array
        (
            [order1] => 219 2
            [order2] => 231 1
            [withMaterial] => 1260
            [countOrder1] => 1
            [countOrder2] => 2
            [dlina_zug1] => 953
            [dlina_zug2] => 230
            [order1_id] => 3772
            [order2_id] => 3784
            [effectiveness] => 96.27%
            [material] => Гофрокартон Т-23 «В» буро/бурый
            [main_quantity_plain] => 16663
            [combined_quantity_plain] => 4000
            [main_made] => 482
            [combined_made] => 4000
            [main_left] => 15834
            [combined_left] => 0
            [sequence_number] => 2
            [sequence_number2] => 1
            [running_meters] => 460
        )

    [13] => Array
        (
            [order1] => 219 4
            [order2] => 220 1
            [withMaterial] => 1260
            [countOrder1] => 1
            [countOrder2] => 2
            [dlina_zug1] => 953
            [dlina_zug2] => 414
            [order1_id] => 3772
            [order2_id] => 3773
            [effectiveness] => 94.68%
            [material] => Гофрокартон Т-23 «В» буро/бурый
            [main_quantity_plain] => 16663
            [combined_quantity_plain] => 2000
            [main_made] => 54
            [combined_made] => 2000
            [main_left] => 15555
            [combined_left] => 0
            [sequence_number] => 4
            [sequence_number2] => 1
            [running_meters] => 51
        )

    [14] => Array
        (
            [order1] => 219 5
            [order2] => 
            [withMaterial] => 1260
            [countOrder1] => 2
            [dlina_zug1] => 953
            [order1_id] => 3772
            [effectiveness] => 94.13%
            [material] => Гофрокартон Т-23 «В» буро/бурый
            [main_quantity_plain] => 16663
            [combined_quantity_plain] => 
            [running_meters] => 14823
            [sequence_number] => 5
            [main_made] => 15555
            [main_left] => 0
        )

    [15] => Array
        (
            [order1] => 218 1
            [order2] => 
            [withMaterial] => 1050
            [countOrder1] => 1
            [dlina_zug1] => 798
            [order1_id] => 3771
            [effectiveness] => 99.05%
            [material] => Гофрокартон Т-23 «В» буро/бурый
            [main_quantity_plain] => 5000
            [combined_quantity_plain] => 
            [running_meters] => 1995
            [sequence_number] => 1
            [main_made] => 5000
            [main_left] => 0
        )

    [16] => Array
        (
            [order1] => 233 1
            [order2] => 237 3
            [withMaterial] => 1050
            [countOrder1] => 1
            [countOrder2] => 1
            [dlina_zug1] => 706
            [dlina_zug2] => 602
            [order1_id] => 3786
            [order2_id] => 3790
            [effectiveness] => 99.14%
            [material] => Гофрокартон Т-23 «В» буро/бурый
            [main_quantity_plain] => 500
            [combined_quantity_plain] => 10000
            [main_made] => 500
            [combined_made] => 1172
            [main_left] => 0
            [combined_left] => 2708
            [sequence_number] => 1
            [sequence_number2] => 3
            [running_meters] => 353
        )

    [17] => Array
        (
            [order1] => 219 3
            [order2] => 235 1
            [withMaterial] => 1050
            [countOrder1] => 1
            [countOrder2] => 1
            [dlina_zug1] => 953
            [dlina_zug2] => 215
            [order1_id] => 3772
            [order2_id] => 3788
            [effectiveness] => 96%
            [material] => Гофрокартон Т-23 «В» буро/бурый
            [main_quantity_plain] => 16663
            [combined_quantity_plain] => 1000
            [main_made] => 225
            [combined_made] => 1000
            [main_left] => 15609
            [combined_left] => 0
            [sequence_number] => 3
            [sequence_number2] => 1
            [running_meters] => 215
        )

    [18] => Array
        (
            [order1] => 234 8
            [order2] => 
            [withMaterial] => 1050
            [countOrder1] => 2
            [dlina_zug1] => 516
            [order1_id] => 3787
            [effectiveness] => 92%
            [material] => Гофрокартон Т-23 «В» буро/бурый
            [main_quantity_plain] => 10908
            [combined_quantity_plain] => 
            [running_meters] => 518
            [sequence_number] => 8
            [main_made] => 1010
            [main_left] => 0
        )

    [19] => Array
        (
            [order1] => 215 1
            [order2] => 
            [withMaterial] => 840
            [countOrder1] => 1
            [dlina_zug1] => 362
            [order1_id] => 3768
            [effectiveness] => 99.76%
            [material] => Гофрокартон Т-23 «В» буро/бурый
            [main_quantity_plain] => 1000
            [combined_quantity_plain] => 
            [running_meters] => 181
            [sequence_number] => 1
            [main_made] => 1000
            [main_left] => 0
        )

    [20] => Array
        (
            [order1] => 223 1
            [order2] => 
            [withMaterial] => 840
            [countOrder1] => 1
            [dlina_zug1] => 824
            [order1_id] => 3776
            [effectiveness] => 100%
            [material] => Гофрокартон Т-23 «В» буро/бурый
            [main_quantity_plain] => 3600
            [combined_quantity_plain] => 
            [running_meters] => 1483.2
            [sequence_number] => 1
            [main_made] => 3600
            [main_left] => 0
        )

    [21] => Array
        (
            [order1] => 225 1
            [order2] => 
            [withMaterial] => 840
            [countOrder1] => 1
            [dlina_zug1] => 824
            [order1_id] => 3778
            [effectiveness] => 100%
            [material] => Гофрокартон Т-23 «В» буро/бурый
            [main_quantity_plain] => 2000
            [combined_quantity_plain] => 
            [running_meters] => 824
            [sequence_number] => 1
            [main_made] => 2000
            [main_left] => 0
        )

    [22] => Array
        (
            [order1] => 234 7
            [order2] => 237 4
            [withMaterial] => 840
            [countOrder1] => 1
            [countOrder2] => 1
            [dlina_zug1] => 516
            [dlina_zug2] => 602
            [order1_id] => 3787
            [order2_id] => 3790
            [effectiveness] => 97.98%
            [material] => Гофрокартон Т-23 «В» буро/бурый
            [main_quantity_plain] => 10908
            [combined_quantity_plain] => 10000
            [main_made] => 1577
            [combined_made] => 2708
            [main_left] => 1010
            [combined_left] => 0
            [sequence_number] => 7
            [sequence_number2] => 4
            [running_meters] => 814
        )

)
